2025-10-10T15:51:33.923Z  INFO [hello]  mongodb is failed to connect {}
2025-10-10T16:03:41.553Z  INFO [hello]  mongodb is connected successfull {}
2025-10-10T16:04:35.948Z  INFO [hello]  mongodb is connected successfull {}
2025-10-10T16:33:28.357Z  INFO [hello]  mongodb is connected successfull {}
2025-10-10T16:35:28.659Z  INFO [hello]  mongodb is connected successfull {}
2025-10-10T16:36:40.095Z  ERROR [hello]  Redis client error {"code":"ECONNREFUSED","stack":"AggregateError\n    at internalConnectMultiple (node:net:1134:18)\n    at afterConnectMultiple (node:net:1715:7)"}
2025-10-10T16:36:40.104Z  INFO [hello]  mongodb is connected successfull {}
2025-10-10T16:36:40.223Z  ERROR [hello]  Redis client error {"code":"ECONNREFUSED","stack":"AggregateError\n    at internalConnectMultiple (node:net:1134:18)\n    at afterConnectMultiple (node:net:1715:7)"}
2025-10-10T16:36:40.485Z  ERROR [hello]  Redis client error {"code":"ECONNREFUSED","stack":"AggregateError\n    at internalConnectMultiple (node:net:1134:18)\n    at afterConnectMultiple (node:net:1715:7)"}
2025-10-10T16:36:40.882Z  ERROR [hello]  Redis client error {"code":"ECONNREFUSED","stack":"AggregateError\n    at internalConnectMultiple (node:net:1134:18)\n    at afterConnectMultiple (node:net:1715:7)"}
2025-10-10T16:36:41.402Z  ERROR [hello]  Redis client error {"code":"ECONNREFUSED","stack":"AggregateError\n    at internalConnectMultiple (node:net:1134:18)\n    at afterConnectMultiple (node:net:1715:7)"}
2025-10-10T16:36:42.212Z  ERROR [hello]  Redis client error {"code":"ECONNREFUSED","stack":"AggregateError\n    at internalConnectMultiple (node:net:1134:18)\n    at afterConnectMultiple (node:net:1715:7)"}
2025-10-10T16:36:44.009Z  ERROR [hello]  Redis client error {"code":"ECONNREFUSED","stack":"AggregateError\n    at internalConnectMultiple (node:net:1134:18)\n    at afterConnectMultiple (node:net:1715:7)"}
2025-10-10T16:36:46.163Z  ERROR [hello]  Redis client error {"code":"ECONNREFUSED","stack":"AggregateError\n    at internalConnectMultiple (node:net:1134:18)\n    at afterConnectMultiple (node:net:1715:7)"}
2025-10-10T16:36:48.293Z  ERROR [hello]  Redis client error {"code":"ECONNREFUSED","stack":"AggregateError\n    at internalConnectMultiple (node:net:1134:18)\n    at afterConnectMultiple (node:net:1715:7)"}
2025-10-10T16:36:50.391Z  ERROR [hello]  Redis client error {"code":"ECONNREFUSED","stack":"AggregateError\n    at internalConnectMultiple (node:net:1134:18)\n    at afterConnectMultiple (node:net:1715:7)"}
2025-10-10T16:36:52.428Z  ERROR [hello]  Redis client error {"code":"ECONNREFUSED","stack":"AggregateError\n    at internalConnectMultiple (node:net:1134:18)\n    at afterConnectMultiple (node:net:1715:7)"}
2025-10-10T16:36:54.512Z  ERROR [hello]  Redis client error {"code":"ECONNREFUSED","stack":"AggregateError\n    at internalConnectMultiple (node:net:1134:18)\n    at afterConnectMultiple (node:net:1715:7)"}
2025-10-10T16:36:56.612Z  ERROR [hello]  Redis client error {"code":"ECONNREFUSED","stack":"AggregateError\n    at internalConnectMultiple (node:net:1134:18)\n    at afterConnectMultiple (node:net:1715:7)"}
2025-10-10T16:36:58.678Z  ERROR [hello]  Redis client error {"code":"ECONNREFUSED","stack":"AggregateError\n    at internalConnectMultiple (node:net:1134:18)\n    at afterConnectMultiple (node:net:1715:7)"}
2025-10-10T16:37:00.767Z  ERROR [hello]  Redis client error {"code":"ECONNREFUSED","stack":"AggregateError\n    at internalConnectMultiple (node:net:1134:18)\n    at afterConnectMultiple (node:net:1715:7)"}
2025-10-10T16:37:02.819Z  ERROR [hello]  Redis client error {"code":"ECONNREFUSED","stack":"AggregateError\n    at internalConnectMultiple (node:net:1134:18)\n    at afterConnectMultiple (node:net:1715:7)"}
2025-10-10T16:37:04.892Z  ERROR [hello]  Redis client error {"code":"ECONNREFUSED","stack":"AggregateError\n    at internalConnectMultiple (node:net:1134:18)\n    at afterConnectMultiple (node:net:1715:7)"}
2025-10-10T16:37:07.067Z  ERROR [hello]  Redis client error {"code":"ECONNREFUSED","stack":"AggregateError\n    at internalConnectMultiple (node:net:1134:18)\n    at afterConnectMultiple (node:net:1715:7)"}
2025-10-10T16:37:09.091Z  ERROR [hello]  Redis client error {"code":"ECONNREFUSED","stack":"AggregateError\n    at internalConnectMultiple (node:net:1134:18)\n    at afterConnectMultiple (node:net:1715:7)"}
2025-10-10T16:37:11.176Z  ERROR [hello]  Redis client error {"code":"ECONNREFUSED","stack":"AggregateError\n    at internalConnectMultiple (node:net:1134:18)\n    at afterConnectMultiple (node:net:1715:7)"}
2025-10-10T16:37:13.213Z  ERROR [hello]  Redis client error {"code":"ECONNREFUSED","stack":"AggregateError\n    at internalConnectMultiple (node:net:1134:18)\n    at afterConnectMultiple (node:net:1715:7)"}
2025-10-10T16:37:15.308Z  ERROR [hello]  Redis client error {"code":"ECONNREFUSED","stack":"AggregateError\n    at internalConnectMultiple (node:net:1134:18)\n    at afterConnectMultiple (node:net:1715:7)"}
2025-10-10T16:37:17.411Z  ERROR [hello]  Redis client error {"code":"ECONNREFUSED","stack":"AggregateError\n    at internalConnectMultiple (node:net:1134:18)\n    at afterConnectMultiple (node:net:1715:7)"}
2025-10-10T16:37:19.518Z  ERROR [hello]  Redis client error {"code":"ECONNREFUSED","stack":"AggregateError\n    at internalConnectMultiple (node:net:1134:18)\n    at afterConnectMultiple (node:net:1715:7)"}
2025-10-10T16:37:21.654Z  ERROR [hello]  Redis client error {"code":"ECONNREFUSED","stack":"AggregateError\n    at internalConnectMultiple (node:net:1134:18)\n    at afterConnectMultiple (node:net:1715:7)"}
2025-10-10T16:37:23.795Z  ERROR [hello]  Redis client error {"code":"ECONNREFUSED","stack":"AggregateError\n    at internalConnectMultiple (node:net:1134:18)\n    at afterConnectMultiple (node:net:1715:7)"}
2025-10-10T16:37:25.929Z  ERROR [hello]  Redis client error {"code":"ECONNREFUSED","stack":"AggregateError\n    at internalConnectMultiple (node:net:1134:18)\n    at afterConnectMultiple (node:net:1715:7)"}
2025-10-10T16:37:27.945Z  ERROR [hello]  Redis client error {"code":"ECONNREFUSED","stack":"AggregateError\n    at internalConnectMultiple (node:net:1134:18)\n    at afterConnectMultiple (node:net:1715:7)"}
2025-10-10T16:37:29.973Z  ERROR [hello]  Redis client error {"code":"ECONNREFUSED","stack":"AggregateError\n    at internalConnectMultiple (node:net:1134:18)\n    at afterConnectMultiple (node:net:1715:7)"}
2025-10-10T16:37:32.069Z  ERROR [hello]  Redis client error {"code":"ECONNREFUSED","stack":"AggregateError\n    at internalConnectMultiple (node:net:1134:18)\n    at afterConnectMultiple (node:net:1715:7)"}
2025-10-10T16:37:34.191Z  ERROR [hello]  Redis client error {"code":"ECONNREFUSED","stack":"AggregateError\n    at internalConnectMultiple (node:net:1134:18)\n    at afterConnectMultiple (node:net:1715:7)"}
2025-10-10T16:37:36.274Z  ERROR [hello]  Redis client error {"code":"ECONNREFUSED","stack":"AggregateError\n    at internalConnectMultiple (node:net:1134:18)\n    at afterConnectMultiple (node:net:1715:7)"}
2025-10-10T16:37:38.456Z  ERROR [hello]  Redis client error {"code":"ECONNREFUSED","stack":"AggregateError\n    at internalConnectMultiple (node:net:1134:18)\n    at afterConnectMultiple (node:net:1715:7)"}
2025-10-10T16:37:40.474Z  ERROR [hello]  Redis client error {"code":"ECONNREFUSED","stack":"AggregateError\n    at internalConnectMultiple (node:net:1134:18)\n    at afterConnectMultiple (node:net:1715:7)"}
2025-10-10T16:37:42.484Z  ERROR [hello]  Redis client error {"code":"ECONNREFUSED","stack":"AggregateError\n    at internalConnectMultiple (node:net:1134:18)\n    at afterConnectMultiple (node:net:1715:7)"}
2025-10-10T16:37:44.495Z  ERROR [hello]  Redis client error {"code":"ECONNREFUSED","stack":"AggregateError\n    at internalConnectMultiple (node:net:1134:18)\n    at afterConnectMultiple (node:net:1715:7)"}
2025-10-10T16:37:46.537Z  ERROR [hello]  Redis client error {"code":"ECONNREFUSED","stack":"AggregateError\n    at internalConnectMultiple (node:net:1134:18)\n    at afterConnectMultiple (node:net:1715:7)"}
2025-10-10T16:37:48.612Z  INFO [hello]  Redis client is Connected {}
2025-10-10T16:40:36.812Z  ERROR [hello]  admin creation is failed {}
2025-10-10T16:42:03.455Z  INFO [hello]  Redis client is Connected {}
2025-10-10T16:42:03.463Z  INFO [hello]  mongodb is connected successfull {}
2025-10-10T16:42:21.806Z  ERROR [hello]  admin creation is failed {}
2025-10-10T16:44:50.437Z  INFO [hello]  Redis client is Connected {}
2025-10-10T16:44:50.444Z  INFO [hello]  mongodb is connected successfull {}
2025-10-10T16:45:00.479Z  ERROR [hello]  Admin creation failed {}
2025-10-10T16:45:48.290Z  INFO [hello]  Redis client is Connected {}
2025-10-10T16:45:48.297Z  INFO [hello]  mongodb is connected successfull {}
2025-10-10T16:45:52.000Z  ERROR [hello]  Admin creation failed {}
2025-10-10T16:46:31.238Z  INFO [hello]  Redis client is Connected {}
2025-10-10T16:46:31.246Z  INFO [hello]  mongodb is connected successfull {}
2025-10-10T16:46:33.914Z  ERROR [hello]  Admin creation failed {}
2025-10-10T16:52:53.043Z  INFO [hello]  Redis client is Connected {}
2025-10-10T16:52:53.070Z  INFO [hello]  mongodb is connected successfull {}
2025-10-10T16:52:57.719Z  ERROR [hello]  Admin creation failed {}
2025-10-10T16:56:57.842Z  INFO [hello]  Redis client is Connected {}
2025-10-10T16:56:57.869Z  INFO [hello]  mongodb is connected successfull {}
2025-10-10T16:57:03.760Z  ERROR [hello]  Admin creation failed {}
2025-10-10T17:04:32.294Z  INFO [hello]  Redis client is Connected {}
2025-10-10T17:04:32.319Z  INFO [hello]  mongodb is connected successfull {}
2025-10-10T17:04:39.331Z  INFO [hello]  Admin is. created {}
2025-10-12T16:44:29.996Z  ERROR [hello]  Redis client error {"code":"ECONNREFUSED","stack":"AggregateError\n    at internalConnectMultiple (node:net:1134:18)\n    at afterConnectMultiple (node:net:1715:7)"}
2025-10-12T16:44:30.071Z  ERROR [hello]  Redis client error {"code":"ECONNREFUSED","stack":"AggregateError\n    at internalConnectMultiple (node:net:1134:18)\n    at afterConnectMultiple (node:net:1715:7)"}
2025-10-12T16:44:30.174Z  ERROR [hello]  Redis client error {"code":"ECONNREFUSED","stack":"AggregateError\n    at internalConnectMultiple (node:net:1134:18)\n    at afterConnectMultiple (node:net:1715:7)"}
2025-10-12T16:44:30.503Z  ERROR [hello]  Redis client error {"code":"ECONNREFUSED","stack":"AggregateError\n    at internalConnectMultiple (node:net:1134:18)\n    at afterConnectMultiple (node:net:1715:7)"}
2025-10-12T16:44:31.091Z  ERROR [hello]  Redis client error {"code":"ECONNREFUSED","stack":"AggregateError\n    at internalConnectMultiple (node:net:1134:18)\n    at afterConnectMultiple (node:net:1715:7)"}
2025-10-12T16:44:31.973Z  ERROR [hello]  Redis client error {"code":"ECONNREFUSED","stack":"AggregateError\n    at internalConnectMultiple (node:net:1134:18)\n    at afterConnectMultiple (node:net:1715:7)"}
2025-10-12T16:44:33.702Z  ERROR [hello]  Redis client error {"code":"ECONNREFUSED","stack":"AggregateError\n    at internalConnectMultiple (node:net:1134:18)\n    at afterConnectMultiple (node:net:1715:7)"}
2025-10-12T16:44:35.825Z  ERROR [hello]  Redis client error {"code":"ECONNREFUSED","stack":"AggregateError\n    at internalConnectMultiple (node:net:1134:18)\n    at afterConnectMultiple (node:net:1715:7)"}
2025-10-12T16:44:37.969Z  ERROR [hello]  Redis client error {"code":"ECONNREFUSED","stack":"AggregateError\n    at internalConnectMultiple (node:net:1134:18)\n    at afterConnectMultiple (node:net:1715:7)"}
2025-10-12T16:46:47.058Z  INFO [hello]  Redis client is Connected {}
2025-10-12T16:46:47.089Z  INFO [hello]  mongodb is connected successfull {}
2025-10-12T16:48:15.718Z  ERROR [hello]  Admin creation failed {}
2025-10-12T16:48:45.071Z  INFO [hello]  Admin is. created {}
2025-10-12T17:35:21.946Z  INFO [hello]  Redis client is Connected {}
2025-10-12T17:35:21.972Z  INFO [hello]  mongodb is connected successfull {}
2025-10-12T17:36:18.847Z  ERROR [hello]  admin creation is failed {}
2025-10-12T17:36:25.353Z  ERROR [hello]  admin creation is failed {}
2025-10-12T17:39:17.843Z  INFO [hello]  Redis client is Connected {}
2025-10-12T17:39:17.866Z  INFO [hello]  mongodb is connected successfull {}
2025-10-12T17:39:26.057Z  ERROR [hello]  admin creation is failed {}
2025-10-12T17:39:52.981Z  INFO [hello]  Redis client is Connected {}
2025-10-12T17:39:53.007Z  INFO [hello]  mongodb is connected successfull {}
2025-10-12T17:39:56.153Z  ERROR [hello]  Admin creation failed {}
2025-10-12T17:40:39.464Z  INFO [hello]  Redis client is Connected {}
2025-10-12T17:40:39.490Z  INFO [hello]  mongodb is connected successfull {}
2025-10-12T17:42:10.943Z  INFO [hello]  Admin is. created {}
2025-10-12T17:42:37.021Z  ERROR [hello]  admin creation is failed {}
2025-10-12T17:42:39.079Z  ERROR [hello]  admin creation is failed {}
2025-10-12T17:43:07.113Z  INFO [hello]  Redis client is Connected {}
2025-10-12T17:43:07.136Z  INFO [hello]  mongodb is connected successfull {}
2025-10-12T17:43:09.405Z  INFO [hello]  admin isalready exist {}
2025-10-12T17:51:10.239Z  INFO [hello]  Redis client is Connected {}
2025-10-12T17:51:10.262Z  INFO [hello]  mongodb is connected successfull {}
2025-10-12T17:51:17.027Z  ERROR [hello]  Failed  to login {}
2025-10-12T17:52:17.331Z  INFO [hello]  Redis client is Connected {}
2025-10-12T17:52:17.356Z  INFO [hello]  mongodb is connected successfull {}
2025-10-12T17:52:34.463Z  INFO [hello]  admin isalready exist {}
2025-10-12T17:52:41.322Z  INFO [hello]  Admin is. created {}
2025-10-12T17:54:00.467Z  INFO [hello]  Redis client is Connected {}
2025-10-12T17:54:00.493Z  INFO [hello]  mongodb is connected successfull {}
2025-10-12T17:54:02.682Z  ERROR [hello]  faile to generate token "expiresIn" should be a number of seconds or string representing a timespan {"stack":"Error: \"expiresIn\" should be a number of seconds or string representing a timespan\n    at /Users/eazyfixit/Documents/UserService/node_modules/jsonwebtoken/sign.js:56:15\n    at Array.forEach (<anonymous>)\n    at validate (/Users/eazyfixit/Documents/UserService/node_modules/jsonwebtoken/sign.js:47:6)\n    at validateOptions (/Users/eazyfixit/Documents/UserService/node_modules/jsonwebtoken/sign.js:62:10)\n    at Object.module.exports [as sign] (/Users/eazyfixit/Documents/UserService/node_modules/jsonwebtoken/sign.js:171:5)\n    at Jwtservice.generateToken (/Users/eazyfixit/Documents/UserService/src/config/JwtConfig.ts:21:27)\n    at AdminService.login (/Users/eazyfixit/Documents/UserService/src/Service/AdminService.ts:61:30)\n    at processTicksAndRejections (node:internal/process/task_queues:105:5)\n    at async AdminController.login (/Users/eazyfixit/Documents/UserService/src/Controller/AdminController.ts:26:12)"}
2025-10-12T17:54:05.044Z  ERROR [hello]  faile to generate token "expiresIn" should be a number of seconds or string representing a timespan {"stack":"Error: \"expiresIn\" should be a number of seconds or string representing a timespan\n    at /Users/eazyfixit/Documents/UserService/node_modules/jsonwebtoken/sign.js:56:15\n    at Array.forEach (<anonymous>)\n    at validate (/Users/eazyfixit/Documents/UserService/node_modules/jsonwebtoken/sign.js:47:6)\n    at validateOptions (/Users/eazyfixit/Documents/UserService/node_modules/jsonwebtoken/sign.js:62:10)\n    at Object.module.exports [as sign] (/Users/eazyfixit/Documents/UserService/node_modules/jsonwebtoken/sign.js:171:5)\n    at Jwtservice.generateToken (/Users/eazyfixit/Documents/UserService/src/config/JwtConfig.ts:21:27)\n    at AdminService.login (/Users/eazyfixit/Documents/UserService/src/Service/AdminService.ts:61:30)\n    at processTicksAndRejections (node:internal/process/task_queues:105:5)\n    at async AdminController.login (/Users/eazyfixit/Documents/UserService/src/Controller/AdminController.ts:26:12)"}
2025-10-12T17:56:35.531Z  INFO [hello]  Redis client is Connected {}
2025-10-12T17:56:35.558Z  INFO [hello]  mongodb is connected successfull {}
2025-10-12T17:56:38.492Z  INFO [hello]  token is generated {}
2025-10-12T17:57:20.104Z  INFO [hello]  token is generated {}
2025-10-12T17:58:07.243Z  INFO [hello]  Redis client is Connected {}
2025-10-12T17:58:07.268Z  INFO [hello]  mongodb is connected successfull {}
2025-10-12T18:03:46.732Z  INFO [hello]  Redis client is Connected {}
2025-10-12T18:03:46.759Z  INFO [hello]  mongodb is connected successfull {}
2025-10-12T18:04:18.940Z  INFO [hello]  admin isalready exist {}
2025-10-12T18:04:29.614Z  INFO [hello]  Admin is. created {}
2025-10-12T18:05:37.500Z  INFO [hello]  Redis client is Connected {}
2025-10-12T18:05:37.525Z  INFO [hello]  mongodb is connected successfull {}
2025-10-12T18:05:40.028Z  INFO [hello]  token is generated {}
2025-10-12T18:05:50.973Z  INFO [hello]  token is generated {}
2025-10-14T17:29:48.006Z  ERROR [hello]  Redis client error {"code":"ECONNREFUSED","stack":"AggregateError\n    at internalConnectMultiple (node:net:1134:18)\n    at afterConnectMultiple (node:net:1715:7)"}
2025-10-14T17:29:48.098Z  ERROR [hello]  Redis client error {"code":"ECONNREFUSED","stack":"AggregateError\n    at internalConnectMultiple (node:net:1134:18)\n    at afterConnectMultiple (node:net:1715:7)"}
2025-10-14T17:29:48.300Z  ERROR [hello]  Redis client error {"code":"ECONNREFUSED","stack":"AggregateError\n    at internalConnectMultiple (node:net:1134:18)\n    at afterConnectMultiple (node:net:1715:7)"}
2025-10-14T17:29:48.615Z  ERROR [hello]  Redis client error {"code":"ECONNREFUSED","stack":"AggregateError\n    at internalConnectMultiple (node:net:1134:18)\n    at afterConnectMultiple (node:net:1715:7)"}
2025-10-14T17:29:49.140Z  ERROR [hello]  Redis client error {"code":"ECONNREFUSED","stack":"AggregateError\n    at internalConnectMultiple (node:net:1134:18)\n    at afterConnectMultiple (node:net:1715:7)"}
2025-10-14T17:29:50.078Z  ERROR [hello]  Redis client error {"code":"ECONNREFUSED","stack":"AggregateError\n    at internalConnectMultiple (node:net:1134:18)\n    at afterConnectMultiple (node:net:1715:7)"}
2025-10-14T17:31:34.158Z  INFO [hello]  Redis client is Connected {}
2025-10-14T17:31:34.184Z  INFO [hello]  mongodb is connected successfull {}
2025-10-14T17:31:57.123Z  INFO [hello]  Admin is. created {}
2025-10-14T17:32:08.465Z  INFO [hello]  token is generated {}
2025-10-14T17:32:36.442Z  INFO [hello]  opt. is generated {}
2025-10-14T17:47:12.829Z  INFO [hello]  Redis client is Connected {}
2025-10-14T17:47:12.853Z  INFO [hello]  mongodb is connected successfull {}
2025-10-14T17:49:10.340Z  INFO [hello]  Redis client is Connected {}
2025-10-14T17:49:10.363Z  INFO [hello]  mongodb is connected successfull {}
2025-10-14T17:49:16.619Z  INFO [hello]  admin isalready exist {}
2025-10-14T17:49:22.887Z  INFO [hello]  token is generated {}
2025-10-14T17:53:09.997Z  INFO [hello]  Redis client is Connected {}
2025-10-14T17:53:10.022Z  INFO [hello]  mongodb is connected successfull {}
2025-10-14T17:53:18.490Z  INFO [hello]  opt. is generated {}
2025-10-14T17:53:23.019Z  ERROR [hello]  un authorized admin {}
2025-10-14T17:53:27.567Z  INFO [hello]  opt. is generated {}
2025-10-14T18:09:42.139Z  INFO [hello]  Redis client is Connected {}
2025-10-14T18:09:42.162Z  INFO [hello]  mongodb is connected successfull {}
2025-10-14T18:10:36.343Z  INFO [hello]  opt. is generated {}
2025-10-14T18:12:33.627Z  INFO [hello]  password has changed. successfully  {}
2025-10-14T18:12:52.274Z  INFO [hello]  password has changed. successfully  {}
2025-12-01T16:37:21.864Z  INFO [hello]  Redis client is Connected {}
2025-12-01T16:37:21.901Z  INFO [hello]  mongodb is connected successfull {}
2025-12-01T16:42:11.627Z  INFO [hello]  Redis client is Connected {}
2025-12-01T16:42:11.653Z  INFO [hello]  mongodb is connected successfull {}
2025-12-01T16:46:47.936Z  INFO [hello]  Admin is. created {}
2025-12-01T16:51:57.045Z  INFO [hello]  Redis client is Connected {}
2025-12-01T16:51:57.068Z  INFO [hello]  mongodb is connected successfull {}
2025-12-01T16:55:17.036Z  INFO [hello]  Admin is. created {}
2025-12-01T16:56:32.504Z  INFO [hello]  token is generated {}
2025-12-01T16:57:33.923Z  INFO [hello]  admin is logged out successfully {}
